#
# There is insufficient memory for the Java Runtime Environment to continue.
# Native memory allocation (malloc) failed to allocate 32744 bytes for ChunkPool::allocate
# Possible reasons:
#   The system is out of physical RAM or swap space
#   The process is running with CompressedOops enabled, and the Java Heap may be blocking the growth of the native heap
# Possible solutions:
#   Reduce memory load on the system
#   Increase physical memory or swap space
#   Check if swap backing store is full
#   Decrease Java heap size (-Xmx/-Xms)
#   Decrease number of Java threads
#   Decrease Java thread stack sizes (-Xss)
#   Set larger code cache with -XX:ReservedCodeCacheSize=
#   JVM is running with Zero Based Compressed Oops mode in which the Java heap is
#     placed in the first 32GB address space. The Java Heap base address is the
#     maximum limit for the native heap growth. Please use -XX:HeapBaseMinAddress
#     to set the Java Heap base and to place the Java Heap above 32GB virtual address.
# This output file may be truncated or incomplete.
#
#  Out of Memory Error (arena.cpp:79), pid=69460, tid=66992
#
# JRE version: OpenJDK Runtime Environment Corretto-16.0.2.7.1 (16.0.2+7) (build 16.0.2+7)
# Java VM: OpenJDK 64-Bit Server VM Corretto-16.0.2.7.1 (16.0.2+7, mixed mode, sharing, tiered, compressed oops, compressed class ptrs, g1 gc, windows-amd64)
# No core dump will be written. Minidumps are not enabled by default on client versions of Windows
#

---------------  S U M M A R Y ------------

Command Line: -Dmaven.multiModuleProjectDirectory=C:\Users\Enno\OneDrive\Jetbrains\Intellij\Dungeon -Dmaven.home=C:\Users\Enno\AppData\Local\JetBrains\Toolbox\apps\IDEA-U\ch-0\212.4746.92\plugins\maven\lib\maven3 -Dclassworlds.conf=C:\Users\Enno\AppData\Local\JetBrains\Toolbox\apps\IDEA-U\ch-0\212.4746.92\plugins\maven\lib\maven3\bin\m2.conf -Dmaven.ext.class.path=C:\Users\Enno\AppData\Local\JetBrains\Toolbox\apps\IDEA-U\ch-0\212.4746.92\plugins\maven\lib\maven-event-listener.jar -javaagent:C:\Users\Enno\AppData\Local\JetBrains\Toolbox\apps\IDEA-U\ch-0\212.4746.92\lib\idea_rt.jar=55843:C:\Users\Enno\AppData\Local\JetBrains\Toolbox\apps\IDEA-U\ch-0\212.4746.92\bin -Dfile.encoding=UTF-8 org.codehaus.classworlds.Launcher -Didea.version=2021.2 package

Host: AMD Ryzen 9 3900X 12-Core Processor            , 24 cores, 31G,  Windows 10 , 64 bit Build 19041 (10.0.19041.1023)
Time: Sat Aug  7 17:56:55 2021 Mitteleuropäische Sommerzeit elapsed time: 0.206501 seconds (0d 0h 0m 0s)

---------------  T H R E A D  ---------------

Current thread (0x00000215ffdf9400):  JavaThread "C2 CompilerThread0" daemon [_thread_in_native, id=66992, stack(0x0000002ac0a00000,0x0000002ac0b00000)]


Current CompileTask:
C2:    206  652       4       java.lang.StringUTF16::compress (50 bytes)

Stack: [0x0000002ac0a00000,0x0000002ac0b00000]
Native frames: (J=compiled Java code, j=interpreted, Vv=VM code, C=native code)
V  [jvm.dll+0x647e0a]
V  [jvm.dll+0x7f0549]
V  [jvm.dll+0x7f1cfe]
V  [jvm.dll+0x7f2343]
V  [jvm.dll+0x23dd88]
V  [jvm.dll+0xc89eb]
V  [jvm.dll+0xc8d4c]
V  [jvm.dll+0x11e218]
V  [jvm.dll+0x672418]
V  [jvm.dll+0x1b75d8]
V  [jvm.dll+0x210a7f]
V  [jvm.dll+0x20ff17]
V  [jvm.dll+0x1a0d9b]
V  [jvm.dll+0x21f909]
V  [jvm.dll+0x21da9b]
V  [jvm.dll+0x7a8662]
V  [jvm.dll+0x7a223a]
V  [jvm.dll+0x646c46]
C  [ucrtbase.dll+0x21bb2]
C  [KERNEL32.DLL+0x17034]
C  [ntdll.dll+0x52651]


---------------  P R O C E S S  ---------------

Threads class SMR info:
_java_thread_list=0x000002159fe5ca50, length=16, elements={
0x00000215f0042190, 0x00000215ffde3660, 0x00000215ffde4520, 0x00000215ffdf0bf0,
0x00000215ffdf1700, 0x00000215ffdf4110, 0x00000215ffdf4b10, 0x00000215ffdf9400,
0x00000215ffe01f00, 0x00000215ffe07560, 0x000002159f0ef100, 0x000002159f1307d0,
0x000002159f22f5c0, 0x000002159f22fae0, 0x000002159f370190, 0x000002159ff62c50
}

Java Threads: ( => current thread )
  0x00000215f0042190 JavaThread "main" [_thread_in_Java, id=46228, stack(0x0000002abfd00000,0x0000002abfe00000)]
  0x00000215ffde3660 JavaThread "Reference Handler" daemon [_thread_blocked, id=53012, stack(0x0000002ac0400000,0x0000002ac0500000)]
  0x00000215ffde4520 JavaThread "Finalizer" daemon [_thread_blocked, id=60124, stack(0x0000002ac0500000,0x0000002ac0600000)]
  0x00000215ffdf0bf0 JavaThread "Signal Dispatcher" daemon [_thread_blocked, id=9464, stack(0x0000002ac0600000,0x0000002ac0700000)]
  0x00000215ffdf1700 JavaThread "Attach Listener" daemon [_thread_blocked, id=53156, stack(0x0000002ac0700000,0x0000002ac0800000)]
  0x00000215ffdf4110 JavaThread "Service Thread" daemon [_thread_blocked, id=49408, stack(0x0000002ac0800000,0x0000002ac0900000)]
  0x00000215ffdf4b10 JavaThread "Monitor Deflation Thread" daemon [_thread_blocked, id=17232, stack(0x0000002ac0900000,0x0000002ac0a00000)]
=>0x00000215ffdf9400 JavaThread "C2 CompilerThread0" daemon [_thread_in_native, id=66992, stack(0x0000002ac0a00000,0x0000002ac0b00000)]
  0x00000215ffe01f00 JavaThread "C1 CompilerThread0" daemon [_thread_blocked, id=71000, stack(0x0000002ac0b00000,0x0000002ac0c00000)]
  0x00000215ffe07560 JavaThread "Sweeper thread" daemon [_thread_blocked, id=72804, stack(0x0000002ac0c00000,0x0000002ac0d00000)]
  0x000002159f0ef100 JavaThread "Common-Cleaner" daemon [_thread_blocked, id=61964, stack(0x0000002ac0d00000,0x0000002ac0e00000)]
  0x000002159f1307d0 JavaThread "C1 CompilerThread1" daemon [_thread_blocked, id=34592, stack(0x0000002ac0e00000,0x0000002ac0f00000)]
  0x000002159f22f5c0 JavaThread "Monitor Ctrl-Break" daemon [_thread_in_native, id=64508, stack(0x0000002ac0f00000,0x0000002ac1000000)]
  0x000002159f22fae0 JavaThread "Notification Thread" daemon [_thread_blocked, id=72924, stack(0x0000002ac1000000,0x0000002ac1100000)]
  0x000002159f370190 JavaThread "C2 CompilerThread1" daemon [_thread_blocked, id=46508, stack(0x0000002ac1200000,0x0000002ac1300000)]
  0x000002159ff62c50 JavaThread "C1 CompilerThread2" daemon [_thread_blocked, id=63188, stack(0x0000002ac1300000,0x0000002ac1400000)]

Other Threads:
  0x00000215ffddea10 VMThread "VM Thread" [stack: 0x0000002ac0300000,0x0000002ac0400000] [id=44376]
  0x00000215f00433b0 WatcherThread [stack: 0x0000002ac1100000,0x0000002ac1200000] [id=62196]
  0x00000215f00b9ab0 GCTaskThread "GC Thread#0" [stack: 0x0000002abfe00000,0x0000002abff00000] [id=71516]
  0x00000215f00cab20 ConcurrentGCThread "G1 Main Marker" [stack: 0x0000002abff00000,0x0000002ac0000000] [id=42940]
  0x00000215f00cbdd0 ConcurrentGCThread "G1 Conc#0" [stack: 0x0000002ac0000000,0x0000002ac0100000] [id=63452]
  0x00000215ffd111b0 ConcurrentGCThread "G1 Refine#0" [stack: 0x0000002ac0100000,0x0000002ac0200000] [id=50036]
  0x00000215ffd11c30 ConcurrentGCThread "G1 Service" [stack: 0x0000002ac0200000,0x0000002ac0300000] [id=73720]

Threads with active compile tasks:
C2 CompilerThread0      215  652       4       java.lang.StringUTF16::compress (50 bytes)

VM state: not at safepoint (normal execution)

VM Mutex/Monitor currently owned by a thread: None

Heap address: 0x0000000600c00000, size: 8180 MB, Compressed Oops mode: Zero based, Oop shift amount: 3

CDS archive(s) mapped at: [0x0000000800000000-0x0000000800be0000-0x0000000800be0000), size 12451840, SharedBaseAddress: 0x0000000800000000, ArchiveRelocationMode: 0.
Compressed class space mapped at: 0x0000000800c00000-0x0000000840c00000, reserved size: 1073741824
Narrow klass base: 0x0000000800000000, Narrow klass shift: 3, Narrow klass range: 0x100000000

GC Precious Log:
 CPUs: 24 total, 24 available
 Memory: 32713M
 Large Page Support: Disabled
 NUMA Support: Disabled
 Compressed Oops: Enabled (Zero based)
 Heap Region Size: 4M
 Heap Min Capacity: 8M
 Heap Initial Capacity: 512M
 Heap Max Capacity: 8180M
 Pre-touch: Disabled
 Parallel Workers: 18
 Concurrent Workers: 5
 Concurrent Refinement Workers: 18
 Periodic GC: Disabled

Heap:
 garbage-first heap   total 524288K, used 4096K [0x0000000600c00000, 0x0000000800000000)
  region size 4096K, 3 young (12288K), 0 survivors (0K)
 Metaspace       used 2996K, committed 3136K, reserved 1056768K
  class space    used 250K, committed 320K, reserved 1048576K

Heap Regions: E=young(eden), S=young(survivor), O=old, HS=humongous(starts), HC=humongous(continues), CS=collection set, F=free, OA=open archive, CA=closed archive, TAMS=top-at-mark-start (previous, next)
|   0|0x0000000600c00000, 0x0000000600c00000, 0x0000000601000000|  0%| F|  |TAMS 0x0000000600c00000, 0x0000000600c00000| Untracked 
|   1|0x0000000601000000, 0x0000000601000000, 0x0000000601400000|  0%| F|  |TAMS 0x0000000601000000, 0x0000000601000000| Untracked 
|   2|0x0000000601400000, 0x0000000601400000, 0x0000000601800000|  0%| F|  |TAMS 0x0000000601400000, 0x0000000601400000| Untracked 
|   3|0x0000000601800000, 0x0000000601800000, 0x0000000601c00000|  0%| F|  |TAMS 0x0000000601800000, 0x0000000601800000| Untracked 
|   4|0x0000000601c00000, 0x0000000601c00000, 0x0000000602000000|  0%| F|  |TAMS 0x0000000601c00000, 0x0000000601c00000| Untracked 
|   5|0x0000000602000000, 0x0000000602000000, 0x0000000602400000|  0%| F|  |TAMS 0x0000000602000000, 0x0000000602000000| Untracked 
|   6|0x0000000602400000, 0x0000000602400000, 0x0000000602800000|  0%| F|  |TAMS 0x0000000602400000, 0x0000000602400000| Untracked 
|   7|0x0000000602800000, 0x0000000602800000, 0x0000000602c00000|  0%| F|  |TAMS 0x0000000602800000, 0x0000000602800000| Untracked 
|   8|0x0000000602c00000, 0x0000000602c00000, 0x0000000603000000|  0%| F|  |TAMS 0x0000000602c00000, 0x0000000602c00000| Untracked 
|   9|0x0000000603000000, 0x0000000603000000, 0x0000000603400000|  0%| F|  |TAMS 0x0000000603000000, 0x0000000603000000| Untracked 
|  10|0x0000000603400000, 0x0000000603400000, 0x0000000603800000|  0%| F|  |TAMS 0x0000000603400000, 0x0000000603400000| Untracked 
|  11|0x0000000603800000, 0x0000000603800000, 0x0000000603c00000|  0%| F|  |TAMS 0x0000000603800000, 0x0000000603800000| Untracked 
|  12|0x0000000603c00000, 0x0000000603c00000, 0x0000000604000000|  0%| F|  |TAMS 0x0000000603c00000, 0x0000000603c00000| Untracked 
|  13|0x0000000604000000, 0x0000000604000000, 0x0000000604400000|  0%| F|  |TAMS 0x0000000604000000, 0x0000000604000000| Untracked 
|  14|0x0000000604400000, 0x0000000604400000, 0x0000000604800000|  0%| F|  |TAMS 0x0000000604400000, 0x0000000604400000| Untracked 
|  15|0x0000000604800000, 0x0000000604800000, 0x0000000604c00000|  0%| F|  |TAMS 0x0000000604800000, 0x0000000604800000| Untracked 
|  16|0x0000000604c00000, 0x0000000604c00000, 0x0000000605000000|  0%| F|  |TAMS 0x0000000604c00000, 0x0000000604c00000| Untracked 
|  17|0x0000000605000000, 0x0000000605000000, 0x0000000605400000|  0%| F|  |TAMS 0x0000000605000000, 0x0000000605000000| Untracked 
|  18|0x0000000605400000, 0x0000000605400000, 0x0000000605800000|  0%| F|  |TAMS 0x0000000605400000, 0x0000000605400000| Untracked 
|  19|0x0000000605800000, 0x0000000605800000, 0x0000000605c00000|  0%| F|  |TAMS 0x0000000605800000, 0x0000000605800000| Untracked 
|  20|0x0000000605c00000, 0x0000000605c00000, 0x0000000606000000|  0%| F|  |TAMS 0x0000000605c00000, 0x0000000605c00000| Untracked 
|  21|0x0000000606000000, 0x0000000606000000, 0x0000000606400000|  0%| F|  |TAMS 0x0000000606000000, 0x0000000606000000| Untracked 
|  22|0x0000000606400000, 0x0000000606400000, 0x0000000606800000|  0%| F|  |TAMS 0x0000000606400000, 0x0000000606400000| Untracked 
|  23|0x0000000606800000, 0x0000000606800000, 0x0000000606c00000|  0%| F|  |TAMS 0x0000000606800000, 0x0000000606800000| Untracked 
|  24|0x0000000606c00000, 0x0000000606c00000, 0x0000000607000000|  0%| F|  |TAMS 0x0000000606c00000, 0x0000000606c00000| Untracked 
|  25|0x0000000607000000, 0x0000000607000000, 0x0000000607400000|  0%| F|  |TAMS 0x0000000607000000, 0x0000000607000000| Untracked 
|  26|0x0000000607400000, 0x0000000607400000, 0x0000000607800000|  0%| F|  |TAMS 0x0000000607400000, 0x0000000607400000| Untracked 
|  27|0x0000000607800000, 0x0000000607800000, 0x0000000607c00000|  0%| F|  |TAMS 0x0000000607800000, 0x0000000607800000| Untracked 
|  28|0x0000000607c00000, 0x0000000607c00000, 0x0000000608000000|  0%| F|  |TAMS 0x0000000607c00000, 0x0000000607c00000| Untracked 
|  29|0x0000000608000000, 0x0000000608000000, 0x0000000608400000|  0%| F|  |TAMS 0x0000000608000000, 0x0000000608000000| Untracked 
|  30|0x0000000608400000, 0x0000000608400000, 0x0000000608800000|  0%| F|  |TAMS 0x0000000608400000, 0x0000000608400000| Untracked 
|  31|0x0000000608800000, 0x0000000608800000, 0x0000000608c00000|  0%| F|  |TAMS 0x0000000608800000, 0x0000000608800000| Untracked 
|  32|0x0000000608c00000, 0x0000000608c00000, 0x0000000609000000|  0%| F|  |TAMS 0x0000000608c00000, 0x0000000608c00000| Untracked 
|  33|0x0000000609000000, 0x0000000609000000, 0x0000000609400000|  0%| F|  |TAMS 0x0000000609000000, 0x0000000609000000| Untracked 
|  34|0x0000000609400000, 0x0000000609400000, 0x0000000609800000|  0%| F|  |TAMS 0x0000000609400000, 0x0000000609400000| Untracked 
|  35|0x0000000609800000, 0x0000000609800000, 0x0000000609c00000|  0%| F|  |TAMS 0x0000000609800000, 0x0000000609800000| Untracked 
|  36|0x0000000609c00000, 0x0000000609c00000, 0x000000060a000000|  0%| F|  |TAMS 0x0000000609c00000, 0x0000000609c00000| Untracked 
|  37|0x000000060a000000, 0x000000060a000000, 0x000000060a400000|  0%| F|  |TAMS 0x000000060a000000, 0x000000060a000000| Untracked 
|  38|0x000000060a400000, 0x000000060a400000, 0x000000060a800000|  0%| F|  |TAMS 0x000000060a400000, 0x000000060a400000| Untracked 
|  39|0x000000060a800000, 0x000000060a800000, 0x000000060ac00000|  0%| F|  |TAMS 0x000000060a800000, 0x000000060a800000| Untracked 
|  40|0x000000060ac00000, 0x000000060ac00000, 0x000000060b000000|  0%| F|  |TAMS 0x000000060ac00000, 0x000000060ac00000| Untracked 
|  41|0x000000060b000000, 0x000000060b000000, 0x000000060b400000|  0%| F|  |TAMS 0x000000060b000000, 0x000000060b000000| Untracked 
|  42|0x000000060b400000, 0x000000060b400000, 0x000000060b800000|  0%| F|  |TAMS 0x000000060b400000, 0x000000060b400000| Untracked 
|  43|0x000000060b800000, 0x000000060b800000, 0x000000060bc00000|  0%| F|  |TAMS 0x000000060b800000, 0x000000060b800000| Untracked 
|  44|0x000000060bc00000, 0x000000060bc00000, 0x000000060c000000|  0%| F|  |TAMS 0x000000060bc00000, 0x000000060bc00000| Untracked 
|  45|0x000000060c000000, 0x000000060c000000, 0x000000060c400000|  0%| F|  |TAMS 0x000000060c000000, 0x000000060c000000| Untracked 
|  46|0x000000060c400000, 0x000000060c400000, 0x000000060c800000|  0%| F|  |TAMS 0x000000060c400000, 0x000000060c400000| Untracked 
|  47|0x000000060c800000, 0x000000060c800000, 0x000000060cc00000|  0%| F|  |TAMS 0x000000060c800000, 0x000000060c800000| Untracked 
|  48|0x000000060cc00000, 0x000000060cc00000, 0x000000060d000000|  0%| F|  |TAMS 0x000000060cc00000, 0x000000060cc00000| Untracked 
|  49|0x000000060d000000, 0x000000060d000000, 0x000000060d400000|  0%| F|  |TAMS 0x000000060d000000, 0x000000060d000000| Untracked 
|  50|0x000000060d400000, 0x000000060d400000, 0x000000060d800000|  0%| F|  |TAMS 0x000000060d400000, 0x000000060d400000| Untracked 
|  51|0x000000060d800000, 0x000000060d800000, 0x000000060dc00000|  0%| F|  |TAMS 0x000000060d800000, 0x000000060d800000| Untracked 
|  52|0x000000060dc00000, 0x000000060dc00000, 0x000000060e000000|  0%| F|  |TAMS 0x000000060dc00000, 0x000000060dc00000| Untracked 
|  53|0x000000060e000000, 0x000000060e000000, 0x000000060e400000|  0%| F|  |TAMS 0x000000060e000000, 0x000000060e000000| Untracked 
|  54|0x000000060e400000, 0x000000060e400000, 0x000000060e800000|  0%| F|  |TAMS 0x000000060e400000, 0x000000060e400000| Untracked 
|  55|0x000000060e800000, 0x000000060e800000, 0x000000060ec00000|  0%| F|  |TAMS 0x000000060e800000, 0x000000060e800000| Untracked 
|  56|0x000000060ec00000, 0x000000060ec00000, 0x000000060f000000|  0%| F|  |TAMS 0x000000060ec00000, 0x000000060ec00000| Untracked 
|  57|0x000000060f000000, 0x000000060f000000, 0x000000060f400000|  0%| F|  |TAMS 0x000000060f000000, 0x000000060f000000| Untracked 
|  58|0x000000060f400000, 0x000000060f400000, 0x000000060f800000|  0%| F|  |TAMS 0x000000060f400000, 0x000000060f400000| Untracked 
|  59|0x000000060f800000, 0x000000060f800000, 0x000000060fc00000|  0%| F|  |TAMS 0x000000060f800000, 0x000000060f800000| Untracked 
|  60|0x000000060fc00000, 0x000000060fc00000, 0x0000000610000000|  0%| F|  |TAMS 0x000000060fc00000, 0x000000060fc00000| Untracked 
|  61|0x0000000610000000, 0x0000000610000000, 0x0000000610400000|  0%| F|  |TAMS 0x0000000610000000, 0x0000000610000000| Untracked 
|  62|0x0000000610400000, 0x0000000610400000, 0x0000000610800000|  0%| F|  |TAMS 0x0000000610400000, 0x0000000610400000| Untracked 
|  63|0x0000000610800000, 0x0000000610800000, 0x0000000610c00000|  0%| F|  |TAMS 0x0000000610800000, 0x0000000610800000| Untracked 
|  64|0x0000000610c00000, 0x0000000610c00000, 0x0000000611000000|  0%| F|  |TAMS 0x0000000610c00000, 0x0000000610c00000| Untracked 
|  65|0x0000000611000000, 0x0000000611000000, 0x0000000611400000|  0%| F|  |TAMS 0x0000000611000000, 0x0000000611000000| Untracked 
|  66|0x0000000611400000, 0x0000000611400000, 0x0000000611800000|  0%| F|  |TAMS 0x0000000611400000, 0x0000000611400000| Untracked 
|  67|0x0000000611800000, 0x0000000611800000, 0x0000000611c00000|  0%| F|  |TAMS 0x0000000611800000, 0x0000000611800000| Untracked 
|  68|0x0000000611c00000, 0x0000000611c00000, 0x0000000612000000|  0%| F|  |TAMS 0x0000000611c00000, 0x0000000611c00000| Untracked 
|  69|0x0000000612000000, 0x0000000612000000, 0x0000000612400000|  0%| F|  |TAMS 0x0000000612000000, 0x0000000612000000| Untracked 
|  70|0x0000000612400000, 0x0000000612400000, 0x0000000612800000|  0%| F|  |TAMS 0x0000000612400000, 0x0000000612400000| Untracked 
|  71|0x0000000612800000, 0x0000000612800000, 0x0000000612c00000|  0%| F|  |TAMS 0x0000000612800000, 0x0000000612800000| Untracked 
|  72|0x0000000612c00000, 0x0000000612c00000, 0x0000000613000000|  0%| F|  |TAMS 0x0000000612c00000, 0x0000000612c00000| Untracked 
|  73|0x0000000613000000, 0x0000000613000000, 0x0000000613400000|  0%| F|  |TAMS 0x0000000613000000, 0x0000000613000000| Untracked 
|  74|0x0000000613400000, 0x0000000613400000, 0x0000000613800000|  0%| F|  |TAMS 0x0000000613400000, 0x0000000613400000| Untracked 
|  75|0x0000000613800000, 0x0000000613800000, 0x0000000613c00000|  0%| F|  |TAMS 0x0000000613800000, 0x0000000613800000| Untracked 
|  76|0x0000000613c00000, 0x0000000613c00000, 0x0000000614000000|  0%| F|  |TAMS 0x0000000613c00000, 0x0000000613c00000| Untracked 
|  77|0x0000000614000000, 0x0000000614000000, 0x0000000614400000|  0%| F|  |TAMS 0x0000000614000000, 0x0000000614000000| Untracked 
|  78|0x0000000614400000, 0x0000000614400000, 0x0000000614800000|  0%| F|  |TAMS 0x0000000614400000, 0x0000000614400000| Untracked 
|  79|0x0000000614800000, 0x0000000614800000, 0x0000000614c00000|  0%| F|  |TAMS 0x0000000614800000, 0x0000000614800000| Untracked 
|  80|0x0000000614c00000, 0x0000000614c00000, 0x0000000615000000|  0%| F|  |TAMS 0x0000000614c00000, 0x0000000614c00000| Untracked 
|  81|0x0000000615000000, 0x0000000615000000, 0x0000000615400000|  0%| F|  |TAMS 0x0000000615000000, 0x0000000615000000| Untracked 
|  82|0x0000000615400000, 0x0000000615400000, 0x0000000615800000|  0%| F|  |TAMS 0x0000000615400000, 0x0000000615400000| Untracked 
|  83|0x0000000615800000, 0x0000000615800000, 0x0000000615c00000|  0%| F|  |TAMS 0x0000000615800000, 0x0000000615800000| Untracked 
|  84|0x0000000615c00000, 0x0000000615c00000, 0x0000000616000000|  0%| F|  |TAMS 0x0000000615c00000, 0x0000000615c00000| Untracked 
|  85|0x0000000616000000, 0x0000000616000000, 0x0000000616400000|  0%| F|  |TAMS 0x0000000616000000, 0x0000000616000000| Untracked 
|  86|0x0000000616400000, 0x0000000616400000, 0x0000000616800000|  0%| F|  |TAMS 0x0000000616400000, 0x0000000616400000| Untracked 
|  87|0x0000000616800000, 0x0000000616800000, 0x0000000616c00000|  0%| F|  |TAMS 0x0000000616800000, 0x0000000616800000| Untracked 
|  88|0x0000000616c00000, 0x0000000616c00000, 0x0000000617000000|  0%| F|  |TAMS 0x0000000616c00000, 0x0000000616c00000| Untracked 
|  89|0x0000000617000000, 0x0000000617000000, 0x0000000617400000|  0%| F|  |TAMS 0x0000000617000000, 0x0000000617000000| Untracked 
|  90|0x0000000617400000, 0x0000000617400000, 0x0000000617800000|  0%| F|  |TAMS 0x0000000617400000, 0x0000000617400000| Untracked 
|  91|0x0000000617800000, 0x0000000617800000, 0x0000000617c00000|  0%| F|  |TAMS 0x0000000617800000, 0x0000000617800000| Untracked 
|  92|0x0000000617c00000, 0x0000000617c00000, 0x0000000618000000|  0%| F|  |TAMS 0x0000000617c00000, 0x0000000617c00000| Untracked 
|  93|0x0000000618000000, 0x0000000618000000, 0x0000000618400000|  0%| F|  |TAMS 0x0000000618000000, 0x0000000618000000| Untracked 
|  94|0x0000000618400000, 0x0000000618400000, 0x0000000618800000|  0%| F|  |TAMS 0x0000000618400000, 0x0000000618400000| Untracked 
|  95|0x0000000618800000, 0x0000000618800000, 0x0000000618c00000|  0%| F|  |TAMS 0x0000000618800000, 0x0000000618800000| Untracked 
|  96|0x0000000618c00000, 0x0000000618c00000, 0x0000000619000000|  0%| F|  |TAMS 0x0000000618c00000, 0x0000000618c00000| Untracked 
|  97|0x0000000619000000, 0x0000000619000000, 0x0000000619400000|  0%| F|  |TAMS 0x0000000619000000, 0x0000000619000000| Untracked 
|  98|0x0000000619400000, 0x0000000619400000, 0x0000000619800000|  0%| F|  |TAMS 0x0000000619400000, 0x0000000619400000| Untracked 
|  99|0x0000000619800000, 0x0000000619800000, 0x0000000619c00000|  0%| F|  |TAMS 0x0000000619800000, 0x0000000619800000| Untracked 
| 100|0x0000000619c00000, 0x0000000619c00000, 0x000000061a000000|  0%| F|  |TAMS 0x0000000619c00000, 0x0000000619c00000| Untracked 
| 101|0x000000061a000000, 0x000000061a000000, 0x000000061a400000|  0%| F|  |TAMS 0x000000061a000000, 0x000000061a000000| Untracked 
| 102|0x000000061a400000, 0x000000061a400000, 0x000000061a800000|  0%| F|  |TAMS 0x000000061a400000, 0x000000061a400000| Untracked 
| 103|0x000000061a800000, 0x000000061a800000, 0x000000061ac00000|  0%| F|  |TAMS 0x000000061a800000, 0x000000061a800000| Untracked 
| 104|0x000000061ac00000, 0x000000061ac00000, 0x000000061b000000|  0%| F|  |TAMS 0x000000061ac00000, 0x000000061ac00000| Untracked 
| 105|0x000000061b000000, 0x000000061b000000, 0x000000061b400000|  0%| F|  |TAMS 0x000000061b000000, 0x000000061b000000| Untracked 
| 106|0x000000061b400000, 0x000000061b400000, 0x000000061b800000|  0%| F|  |TAMS 0x000000061b400000, 0x000000061b400000| Untracked 
| 107|0x000000061b800000, 0x000000061b800000, 0x000000061bc00000|  0%| F|  |TAMS 0x000000061b800000, 0x000000061b800000| Untracked 
| 108|0x000000061bc00000, 0x000000061bc00000, 0x000000061c000000|  0%| F|  |TAMS 0x000000061bc00000, 0x000000061bc00000| Untracked 
| 109|0x000000061c000000, 0x000000061c000000, 0x000000061c400000|  0%| F|  |TAMS 0x000000061c000000, 0x000000061c000000| Untracked 
| 110|0x000000061c400000, 0x000000061c400000, 0x000000061c800000|  0%| F|  |TAMS 0x000000061c400000, 0x000000061c400000| Untracked 
| 111|0x000000061c800000, 0x000000061c800000, 0x000000061cc00000|  0%| F|  |TAMS 0x000000061c800000, 0x000000061c800000| Untracked 
| 112|0x000000061cc00000, 0x000000061cc00000, 0x000000061d000000|  0%| F|  |TAMS 0x000000061cc00000, 0x000000061cc00000| Untracked 
| 113|0x000000061d000000, 0x000000061d000000, 0x000000061d400000|  0%| F|  |TAMS 0x000000061d000000, 0x000000061d000000| Untracked 
| 114|0x000000061d400000, 0x000000061d400000, 0x000000061d800000|  0%| F|  |TAMS 0x000000061d400000, 0x000000061d400000| Untracked 
| 115|0x000000061d800000, 0x000000061d800000, 0x000000061dc00000|  0%| F|  |TAMS 0x000000061d800000, 0x000000061d800000| Untracked 
| 116|0x000000061dc00000, 0x000000061dc00000, 0x000000061e000000|  0%| F|  |TAMS 0x000000061dc00000, 0x000000061dc00000| Untracked 
| 117|0x000000061e000000, 0x000000061e000000, 0x000000061e400000|  0%| F|  |TAMS 0x000000061e000000, 0x000000061e000000| Untracked 
| 118|0x000000061e400000, 0x000000061e400000, 0x000000061e800000|  0%| F|  |TAMS 0x000000061e400000, 0x000000061e400000| Untracked 
| 119|0x000000061e800000, 0x000000061e800000, 0x000000061ec00000|  0%| F|  |TAMS 0x000000061e800000, 0x000000061e800000| Untracked 
| 120|0x000000061ec00000, 0x000000061ec00000, 0x000000061f000000|  0%| F|  |TAMS 0x000000061ec00000, 0x000000061ec00000| Untracked 
| 121|0x000000061f000000, 0x000000061f000000, 0x000000061f400000|  0%| F|  |TAMS 0x000000061f000000, 0x000000061f000000| Untracked 
| 122|0x000000061f400000, 0x000000061f400000, 0x000000061f800000|  0%| F|  |TAMS 0x000000061f400000, 0x000000061f400000| Untracked 
| 123|0x000000061f800000, 0x000000061f800000, 0x000000061fc00000|  0%| F|  |TAMS 0x000000061f800000, 0x000000061f800000| Untracked 
| 124|0x000000061fc00000, 0x000000061fc00000, 0x0000000620000000|  0%| F|  |TAMS 0x000000061fc00000, 0x000000061fc00000| Untracked 
| 125|0x0000000620000000, 0x0000000620272f28, 0x0000000620400000| 61%| E|  |TAMS 0x0000000620000000, 0x0000000620000000| Complete 
| 126|0x0000000620400000, 0x0000000620800000, 0x0000000620800000|100%| E|CS|TAMS 0x0000000620400000, 0x0000000620400000| Complete 
| 127|0x0000000620800000, 0x0000000620c00000, 0x0000000620c00000|100%| E|  |TAMS 0x0000000620800000, 0x0000000620800000| Complete 

Card table byte_map: [0x00000215fa7e0000,0x00000215fb7e0000] _byte_map_base: 0x00000215f77da000

Marking Bits (Prev, Next): (CMBitMap*) 0x00000215f00ba120, (CMBitMap*) 0x00000215f00ba160
 Prev Bits: [0x000002158f000000, 0x0000021596fd0000)
 Next Bits: [0x0000021596fd0000, 0x000002159efa0000)

Polling page: 0x00000215ee000000

Metaspace:

Usage:
  Non-class:      2.70 MB used.
      Class:    257.17 KB used.
       Both:      2.96 MB used.

Virtual space:
  Non-class space:        8.00 MB reserved,       2.81 MB ( 35%) committed,  1 nodes.
      Class space:        1.00 GB reserved,     320.00 KB ( <1%) committed,  1 nodes.
              Both:        1.01 GB reserved,       3.13 MB ( <1%) committed. 

Chunk freelists:
   Non-Class:  3.05 MB
       Class:  3.64 MB
        Both:  6.69 MB

MaxMetaspaceSize: 17179869184.00 GB
CompressedClassSpaceSize: 1.00 GB
 - commit_granule_bytes: 65536.
 - commit_granule_words: 8192.
 - virtual_space_node_default_size: 1048576.
 - enlarge_chunks_in_place: 1.
 - new_chunks_are_fully_committed: 0.
 - uncommit_free_chunks: 1.
 - use_allocation_guard: 0.
 - handle_deallocations: 1.


Internal statistics:

num_allocs_failed_limit: 0.
num_arena_births: 22.
num_arena_deaths: 0.
num_vsnodes_births: 2.
num_vsnodes_deaths: 0.
num_space_committed: 50.
num_space_uncommitted: 0.
num_chunks_returned_to_freelist: 0.
num_chunks_taken_from_freelist: 71.
num_chunk_merges: 0.
num_chunk_splits: 50.
num_chunks_enlarged: 41.
num_purges: 0.

CodeHeap 'non-profiled nmethods': size=119168Kb used=204Kb max_used=204Kb free=118963Kb
 bounds [0x0000021587ba0000, 0x0000021587e10000, 0x000002158f000000]
CodeHeap 'profiled nmethods': size=119104Kb used=1221Kb max_used=1221Kb free=117882Kb
 bounds [0x0000021580750000, 0x00000215809c0000, 0x0000021587ba0000]
CodeHeap 'non-nmethods': size=7488Kb used=2275Kb max_used=2290Kb free=5212Kb
 bounds [0x0000021580000000, 0x0000021580270000, 0x0000021580750000]
 total_blobs=1136 nmethods=704 adapters=343
 compilation: enabled
              stopped_count=0, restarted_count=0
 full_count=0

Compilation events (20 events):
Event: 0.202 Thread 0x00000215ffdf9400  652       4       java.lang.StringUTF16::compress (50 bytes)
Event: 0.202 Thread 0x000002159f1307d0 nmethod 651 0x0000021580859910 code [0x0000021580859ac0, 0x0000021580859d78]
Event: 0.202 Thread 0x00000215ffe01f00 nmethod 650 0x0000021580859e90 code [0x000002158085a0e0, 0x000002158085aa38]
Event: 0.203 Thread 0x00000215ffe01f00  653       3       java.lang.String::indexOf (113 bytes)
Event: 0.203 Thread 0x00000215ffe01f00 nmethod 653 0x000002158085ad90 code [0x000002158085afc0, 0x000002158085b5e8]
Event: 0.203 Thread 0x000002159f1307d0  655       3       jdk.internal.jimage.ImageLocation::verify (50 bytes)
Event: 0.203 Thread 0x00000215ffe01f00  654       3       jdk.internal.jimage.BasicImageReader::getAttributes (49 bytes)
Event: 0.204 Thread 0x00000215ffe01f00 nmethod 654 0x000002158085b790 code [0x000002158085b960, 0x000002158085bc68]
Event: 0.204 Thread 0x00000215ffe01f00  656       3       sun.net.www.ParseUtil::encodePath (41 bytes)
Event: 0.204 Thread 0x000002159f1307d0 nmethod 655 0x000002158085bd90 code [0x000002158085bfc0, 0x000002158085c748]
Event: 0.204 Thread 0x000002159f1307d0  657       3       java.lang.Character::getType (9 bytes)
Event: 0.204 Thread 0x00000215ffe01f00 nmethod 656 0x000002158085cb10 code [0x000002158085cce0, 0x000002158085cf48]
Event: 0.204 Thread 0x00000215ffe01f00  658       3       java.lang.CharacterDataLatin1::getType (11 bytes)
Event: 0.204 Thread 0x000002159f1307d0 nmethod 657 0x000002158085d010 code [0x000002158085d1c0, 0x000002158085d3b8]
Event: 0.204 Thread 0x00000215ffe01f00 nmethod 658 0x000002158085d490 code [0x000002158085d640, 0x000002158085d7f8]
Event: 0.204 Thread 0x000002159f370190  659       4       java.lang.String::checkBoundsBeginEnd (63 bytes)
Event: 0.204 Thread 0x000002159f1307d0  660       3       jdk.internal.loader.URLClassPath::getResource (74 bytes)
Event: 0.204 Thread 0x000002159f370190 nmethod 659 0x0000021587bd0710 code [0x0000021587bd08a0, 0x0000021587bd0958]
Event: 0.204 Thread 0x000002159f1307d0 nmethod 660 0x000002158085d910 code [0x000002158085dae0, 0x000002158085de38]
Event: 0.205 Thread 0x000002159f370190  661       4       java.lang.StringLatin1::inflate (34 bytes)

GC Heap History (0 events):
No events

Deoptimization events (18 events):
Event: 0.122 Thread 0x00000215f0042190 Uncommon trap: trap_request=0xffffff45 fr.pc=0x0000021587bac658 relative=0x00000000000008d8
Event: 0.122 Thread 0x00000215f0042190 Uncommon trap: reason=unstable_if action=reinterpret pc=0x0000021587bac658 method=java.util.HashMap.putVal(ILjava/lang/Object;Ljava/lang/Object;ZZ)Ljava/lang/Object; @ 181 c2
Event: 0.122 Thread 0x00000215f0042190 DEOPT PACKING pc=0x0000021587bac658 sp=0x0000002abfdfbd20
Event: 0.122 Thread 0x00000215f0042190 DEOPT UNPACKING pc=0x000002158004d72e sp=0x0000002abfdfbcd0 mode 2
Event: 0.172 Thread 0x00000215f0042190 Uncommon trap: trap_request=0xffffff45 fr.pc=0x0000021587bc6f94 relative=0x0000000000000174
Event: 0.172 Thread 0x00000215f0042190 Uncommon trap: reason=unstable_if action=reinterpret pc=0x0000021587bc6f94 method=java.lang.StringCoding.hasNegatives([BII)Z @ 12 c2
Event: 0.172 Thread 0x00000215f0042190 DEOPT PACKING pc=0x0000021587bc6f94 sp=0x0000002abfdfd990
Event: 0.172 Thread 0x00000215f0042190 DEOPT UNPACKING pc=0x000002158004d72e sp=0x0000002abfdfd938 mode 2
Event: 0.172 Thread 0x00000215f0042190 Uncommon trap: trap_request=0xffffff45 fr.pc=0x0000021587bc952c relative=0x00000000000004ec
Event: 0.172 Thread 0x00000215f0042190 Uncommon trap: reason=unstable_if action=reinterpret pc=0x0000021587bc952c method=java.lang.AbstractStringBuilder.putStringAt(ILjava/lang/String;II)V @ 8 c2
Event: 0.172 Thread 0x00000215f0042190 DEOPT PACKING pc=0x0000021587bc952c sp=0x0000002abfdfdb80
Event: 0.172 Thread 0x00000215f0042190 DEOPT UNPACKING pc=0x000002158004d72e sp=0x0000002abfdfda60 mode 2
Event: 0.195 Thread 0x00000215f0042190 DEOPT PACKING pc=0x00000215807bad65 sp=0x0000002abfdfd550
Event: 0.195 Thread 0x00000215f0042190 DEOPT UNPACKING pc=0x000002158004dece sp=0x0000002abfdfc9a0 mode 0
Event: 0.198 Thread 0x00000215f0042190 DEOPT PACKING pc=0x000002158082f956 sp=0x0000002abfdfb890
Event: 0.198 Thread 0x00000215f0042190 DEOPT UNPACKING pc=0x000002158004dece sp=0x0000002abfdfad30 mode 0
Event: 0.200 Thread 0x00000215f0042190 DEOPT PACKING pc=0x00000215807bad65 sp=0x0000002abfdfe170
Event: 0.200 Thread 0x00000215f0042190 DEOPT UNPACKING pc=0x000002158004dece sp=0x0000002abfdfd5c0 mode 0

Classes unloaded (0 events):
No events

Classes redefined (0 events):
No events

Internal exceptions (5 events):
Event: 0.060 Thread 0x000002159f22f5c0 Exception <a 'java/lang/NoSuchMethodError'{0x0000000620aea6c0}: 'java.lang.Object java.lang.invoke.DirectMethodHandle$Holder.invokeStatic(java.lang.Object)'> (0x0000000620aea6c0) 
thrown [c:\wsjdk\correttojdksrc\installers\windows\zip\corretto-build\buildroot\src\hotspot\share\interpreter\linkResolver.cpp, line 790]
Event: 0.060 Thread 0x000002159f22f5c0 Exception <a 'java/lang/NoSuchMethodError'{0x0000000620aedfd0}: 'java.lang.Object java.lang.invoke.DirectMethodHandle$Holder.invokeStaticInit(java.lang.Object)'> (0x0000000620aedfd0) 
thrown [c:\wsjdk\correttojdksrc\installers\windows\zip\corretto-build\buildroot\src\hotspot\share\interpreter\linkResolver.cpp, line 790]
Event: 0.064 Thread 0x000002159f22f5c0 Exception <a 'java/lang/NoSuchMethodError'{0x0000000620afbd68}: 'void java.lang.invoke.DirectMethodHandle$Holder.invokeStatic(java.lang.Object, java.lang.Object)'> (0x0000000620afbd68) 
thrown [c:\wsjdk\correttojdksrc\installers\windows\zip\corretto-build\buildroot\src\hotspot\share\interpreter\linkResolver.cpp, line 790]
Event: 0.125 Thread 0x00000215f0042190 Exception <a 'java/lang/NoSuchMethodError'{0x000000062062e808}: 'java.lang.Object java.lang.invoke.DirectMethodHandle$Holder.invokeStaticInit(java.lang.Object, int, int, int, int)'> (0x000000062062e808) 
thrown [c:\wsjdk\correttojdksrc\installers\windows\zip\corretto-build\buildroot\src\hotspot\share\interpreter\linkResolver.cpp, line 790]
Event: 0.156 Thread 0x00000215f0042190 Exception <a 'java/lang/NoSuchMethodError'{0x0000000620712c70}: 'java.lang.Object java.lang.invoke.DirectMethodHandle$Holder.invokeStaticInit(java.lang.Object, java.lang.Object, int, int, int, int)'> (0x0000000620712c70) 
thrown [c:\wsjdk\correttojdksrc\installers\windows\zip\corretto-build\buildroot\src\hotspot\share\interpreter\linkResolver.cpp, line 790]

Events (20 events):
Event: 0.194 loading class sun/net/DefaultProgressMeteringPolicy
Event: 0.194 loading class sun/net/ProgressMeteringPolicy
Event: 0.194 loading class sun/net/ProgressMeteringPolicy done
Event: 0.194 loading class sun/net/DefaultProgressMeteringPolicy done
Event: 0.196 loading class java/lang/IllegalAccessException
Event: 0.196 loading class java/lang/IllegalAccessException done
Event: 0.196 loading class java/lang/InstantiationException
Event: 0.196 loading class java/lang/InstantiationException done
Event: 0.197 loading class java/io/StringWriter
Event: 0.197 loading class java/io/StringWriter done
Event: 0.197 loading class java/io/StringReader
Event: 0.197 loading class java/io/StringReader done
Event: 0.198 loading class java/lang/AssertionError
Event: 0.198 loading class java/lang/AssertionError done
Event: 0.201 loading class java/lang/StringIndexOutOfBoundsException
Event: 0.201 loading class java/lang/IndexOutOfBoundsException
Event: 0.201 loading class java/lang/IndexOutOfBoundsException done
Event: 0.201 loading class java/lang/StringIndexOutOfBoundsException done
Event: 0.205 loading class java/io/FileReader
Event: 0.205 loading class java/io/FileReader done


Dynamic libraries:
0x00007ff65c690000 - 0x00007ff65c69d000 	C:\Program Files\Amazon Corretto\jdk16.0.2_7\bin\java.exe
0x00007ffd2fd90000 - 0x00007ffd2ff85000 	C:\Windows\SYSTEM32\ntdll.dll
0x00007ffd2e7a0000 - 0x00007ffd2e85d000 	C:\Windows\System32\KERNEL32.DLL
0x00007ffd2d920000 - 0x00007ffd2dbe9000 	C:\Windows\System32\KERNELBASE.dll
0x00007ffd2ad80000 - 0x00007ffd2ae10000 	C:\Windows\SYSTEM32\apphelp.dll
0x00007ffd2d820000 - 0x00007ffd2d920000 	C:\Windows\System32\ucrtbase.dll
0x00007ffd1a5a0000 - 0x00007ffd1a5b8000 	C:\Program Files\Amazon Corretto\jdk16.0.2_7\bin\jli.dll
0x00007ffd1a580000 - 0x00007ffd1a595000 	C:\Program Files\Amazon Corretto\jdk16.0.2_7\bin\VCRUNTIME140.dll
0x00007ffd2f770000 - 0x00007ffd2f910000 	C:\Windows\System32\USER32.dll
0x00007ffd2d7f0000 - 0x00007ffd2d812000 	C:\Windows\System32\win32u.dll
0x00007ffd20a60000 - 0x00007ffd20cfa000 	C:\Windows\WinSxS\amd64_microsoft.windows.common-controls_6595b64144ccf1df_6.0.19041.1110_none_60b5254171f9507e\COMCTL32.dll
0x00007ffd2f670000 - 0x00007ffd2f69a000 	C:\Windows\System32\GDI32.dll
0x00007ffd2e610000 - 0x00007ffd2e6ae000 	C:\Windows\System32\msvcrt.dll
0x00007ffd2d640000 - 0x00007ffd2d74b000 	C:\Windows\System32\gdi32full.dll
0x00007ffd2d750000 - 0x00007ffd2d7ed000 	C:\Windows\System32\msvcp_win.dll
0x00007ffd2e880000 - 0x00007ffd2e8b0000 	C:\Windows\System32\IMM32.DLL
0x00007ffd035c0000 - 0x00007ffd0365b000 	C:\Program Files\Amazon Corretto\jdk16.0.2_7\bin\msvcp140.dll
0x00007ffcdb740000 - 0x00007ffcdc349000 	C:\Program Files\Amazon Corretto\jdk16.0.2_7\bin\server\jvm.dll
0x00007ffd2dfb0000 - 0x00007ffd2e05c000 	C:\Windows\System32\ADVAPI32.dll
0x00007ffd2f980000 - 0x00007ffd2fa1b000 	C:\Windows\System32\sechost.dll
0x00007ffd2e180000 - 0x00007ffd2e2aa000 	C:\Windows\System32\RPCRT4.dll
0x00007ffd2e8b0000 - 0x00007ffd2e8b8000 	C:\Windows\System32\PSAPI.DLL
0x00007ffd1fcc0000 - 0x00007ffd1fcc9000 	C:\Windows\SYSTEM32\WSOCK32.dll
0x00007ffd24410000 - 0x00007ffd24437000 	C:\Windows\SYSTEM32\WINMM.dll
0x00007ffd25270000 - 0x00007ffd2527a000 	C:\Windows\SYSTEM32\VERSION.dll
0x00007ffd2f910000 - 0x00007ffd2f97b000 	C:\Windows\System32\WS2_32.dll
0x00007ffd2b420000 - 0x00007ffd2b432000 	C:\Windows\SYSTEM32\kernel.appcore.dll
0x00007ffd1fb80000 - 0x00007ffd1fb8a000 	C:\Program Files\Amazon Corretto\jdk16.0.2_7\bin\jimage.dll
0x00007ffd24790000 - 0x00007ffd24974000 	C:\Windows\SYSTEM32\DBGHELP.DLL
0x00007ffd1ae80000 - 0x00007ffd1aeac000 	C:\Windows\SYSTEM32\dbgcore.DLL
0x00007ffd2d560000 - 0x00007ffd2d5e3000 	C:\Windows\System32\bcryptPrimitives.dll
0x00007ffd1dbb0000 - 0x00007ffd1dbbe000 	C:\Program Files\Amazon Corretto\jdk16.0.2_7\bin\instrument.dll
0x00007ffd171d0000 - 0x00007ffd171f5000 	C:\Program Files\Amazon Corretto\jdk16.0.2_7\bin\java.dll
0x00007ffd2e9f0000 - 0x00007ffd2f12f000 	C:\Windows\System32\SHELL32.dll
0x00007ffd2b620000 - 0x00007ffd2bdb1000 	C:\Windows\SYSTEM32\windows.storage.dll
0x00007ffd2e2b0000 - 0x00007ffd2e605000 	C:\Windows\System32\combase.dll
0x00007ffd2cf40000 - 0x00007ffd2cf6c000 	C:\Windows\SYSTEM32\Wldp.dll
0x00007ffd2f6b0000 - 0x00007ffd2f75e000 	C:\Windows\System32\SHCORE.dll
0x00007ffd2fa20000 - 0x00007ffd2fa75000 	C:\Windows\System32\shlwapi.dll
0x00007ffd2d410000 - 0x00007ffd2d42f000 	C:\Windows\SYSTEM32\profapi.dll
0x00007ffd11ae0000 - 0x00007ffd11af8000 	C:\Program Files\Amazon Corretto\jdk16.0.2_7\bin\zip.dll
0x00007ffd18700000 - 0x00007ffd18719000 	C:\Program Files\Amazon Corretto\jdk16.0.2_7\bin\net.dll
0x00007ffd22ca0000 - 0x00007ffd22daa000 	C:\Windows\SYSTEM32\WINHTTP.dll
0x00007ffd2cca0000 - 0x00007ffd2cd0a000 	C:\Windows\system32\mswsock.dll
0x00007ffd11b00000 - 0x00007ffd11b13000 	C:\Program Files\Amazon Corretto\jdk16.0.2_7\bin\nio.dll
0x00007ffd25b20000 - 0x00007ffd25b3a000 	C:\Users\Enno\AppData\Local\JetBrains\Toolbox\apps\IDEA-U\ch-0\212.4746.92\bin\breakgen64.dll
0x00007ffd1adb0000 - 0x00007ffd1adc0000 	C:\Program Files\Amazon Corretto\jdk16.0.2_7\bin\verify.dll
0x00007ffd2ce90000 - 0x00007ffd2cea8000 	C:\Windows\SYSTEM32\CRYPTSP.dll
0x00007ffd2c5d0000 - 0x00007ffd2c604000 	C:\Windows\system32\rsaenh.dll
0x00007ffd2d530000 - 0x00007ffd2d557000 	C:\Windows\System32\bcrypt.dll
0x00007ffd2d390000 - 0x00007ffd2d3be000 	C:\Windows\SYSTEM32\USERENV.dll
0x00007ffd2ce80000 - 0x00007ffd2ce8c000 	C:\Windows\SYSTEM32\CRYPTBASE.dll
0x00007ffd2c940000 - 0x00007ffd2c97b000 	C:\Windows\SYSTEM32\IPHLPAPI.DLL
0x00007ffd2f6a0000 - 0x00007ffd2f6a8000 	C:\Windows\System32\NSI.dll
0x00007ffd26850000 - 0x00007ffd26867000 	C:\Windows\SYSTEM32\dhcpcsvc6.DLL
0x00007ffd26ae0000 - 0x00007ffd26afd000 	C:\Windows\SYSTEM32\dhcpcsvc.DLL
0x00007ffd2c980000 - 0x00007ffd2ca4c000 	C:\Windows\SYSTEM32\DNSAPI.dll
0x00007ffd28470000 - 0x00007ffd2847a000 	C:\Users\Kein Admin\AppData\Local\Temp\jansi-1.17.1-4939851025908866675.dll
0x00007ffd25b10000 - 0x00007ffd25b1a000 	C:\Users\Kein Admin\AppData\Local\Temp\jansi-1.17.1-14557922990518838914.dll

dbghelp: loaded successfully - version: 4.0.5 - missing functions: none
symbol engine: initialized successfully - sym options: 0x614 - pdb path: .;C:\Program Files\Amazon Corretto\jdk16.0.2_7\bin;C:\Windows\SYSTEM32;C:\Windows\WinSxS\amd64_microsoft.windows.common-controls_6595b64144ccf1df_6.0.19041.1110_none_60b5254171f9507e;C:\Program Files\Amazon Corretto\jdk16.0.2_7\bin\server;C:\Users\Enno\AppData\Local\JetBrains\Toolbox\apps\IDEA-U\ch-0\212.4746.92\bin;C:\Users\Kein Admin\AppData\Local\Temp

VM Arguments:
jvm_args: -Dmaven.multiModuleProjectDirectory=C:\Users\Enno\OneDrive\Jetbrains\Intellij\Dungeon -Dmaven.home=C:\Users\Enno\AppData\Local\JetBrains\Toolbox\apps\IDEA-U\ch-0\212.4746.92\plugins\maven\lib\maven3 -Dclassworlds.conf=C:\Users\Enno\AppData\Local\JetBrains\Toolbox\apps\IDEA-U\ch-0\212.4746.92\plugins\maven\lib\maven3\bin\m2.conf -Dmaven.ext.class.path=C:\Users\Enno\AppData\Local\JetBrains\Toolbox\apps\IDEA-U\ch-0\212.4746.92\plugins\maven\lib\maven-event-listener.jar -javaagent:C:\Users\Enno\AppData\Local\JetBrains\Toolbox\apps\IDEA-U\ch-0\212.4746.92\lib\idea_rt.jar=55843:C:\Users\Enno\AppData\Local\JetBrains\Toolbox\apps\IDEA-U\ch-0\212.4746.92\bin -Dfile.encoding=UTF-8 
java_command: org.codehaus.classworlds.Launcher -Didea.version=2021.2 package
java_class_path (initial): C:\Users\Enno\AppData\Local\JetBrains\Toolbox\apps\IDEA-U\ch-0\212.4746.92\plugins\maven\lib\maven3\boot\plexus-classworlds-2.6.0.jar;C:\Users\Enno\AppData\Local\JetBrains\Toolbox\apps\IDEA-U\ch-0\212.4746.92\plugins\maven\lib\maven3\boot\plexus-classworlds.license
Launcher Type: SUN_STANDARD

[Global flags]
     intx CICompilerCount                          = 12                                        {product} {ergonomic}
     uint ConcGCThreads                            = 5                                         {product} {ergonomic}
     uint G1ConcRefinementThreads                  = 18                                        {product} {ergonomic}
   size_t G1HeapRegionSize                         = 4194304                                   {product} {ergonomic}
    uintx GCDrainStackTargetSize                   = 64                                        {product} {ergonomic}
   size_t InitialHeapSize                          = 536870912                                 {product} {ergonomic}
   size_t MarkStackSize                            = 4194304                                   {product} {ergonomic}
   size_t MaxHeapSize                              = 8577351680                                {product} {ergonomic}
   size_t MaxNewSize                               = 5146411008                                {product} {ergonomic}
   size_t MinHeapDeltaBytes                        = 4194304                                   {product} {ergonomic}
   size_t MinHeapSize                              = 8388608                                   {product} {ergonomic}
    uintx NonNMethodCodeHeapSize                   = 7602480                                {pd product} {ergonomic}
    uintx NonProfiledCodeHeapSize                  = 122027880                              {pd product} {ergonomic}
    uintx ProfiledCodeHeapSize                     = 122027880                              {pd product} {ergonomic}
    uintx ReservedCodeCacheSize                    = 251658240                              {pd product} {ergonomic}
     bool SegmentedCodeCache                       = true                                      {product} {ergonomic}
   size_t SoftMaxHeapSize                          = 8577351680                             {manageable} {ergonomic}
     bool UseCompressedClassPointers               = true                           {product lp64_product} {ergonomic}
     bool UseCompressedOops                        = true                           {product lp64_product} {ergonomic}
     bool UseG1GC                                  = true                                      {product} {ergonomic}
     bool UseLargePagesIndividualAllocation        = false                                  {pd product} {ergonomic}

Logging:
Log output configuration:
 #0: stdout all=warning uptime,level,tags
 #1: stderr all=off uptime,level,tags

Environment Variables:
JAVA_HOME=C:\Program Files\Amazon Corretto\jdk16.0.2_7
PATH=C:\Program Files\Amazon Corretto\jdk16.0.2_7\bin;C:\Program Files (x86)\Razer\ChromaBroadcast\bin;C:\Program Files\Razer\ChromaBroadcast\bin;C:\Program Files\Amazon Corretto\jdk11.0.3_7\bin;C:\Program Files\Amazon Corretto\jdk11.0.10_9\bin;C:\Windows\system32;C:\Windows;C:\Windows\System32\Wbem;C:\Windows\System32\WindowsPowerShell\v1.0\;C:\Windows\System32\OpenSSH\;C:\Program Files (x86)\NVIDIA Corporation\PhysX\Common;C:\Program Files\NVIDIA Corporation\NVIDIA NvDLISR;C:\Program Files\PuTTY\;C:\Windows\system32\config\systemprofile\AppData\Local\Microsoft\WindowsApps;C:\Program Files\Git\cmd;C:\Users\Kein Admin\AppData\Local\Microsoft\WindowsApps
USERNAME=Kein Admin
OS=Windows_NT
PROCESSOR_IDENTIFIER=AMD64 Family 23 Model 113 Stepping 0, AuthenticAMD



---------------  S Y S T E M  ---------------

OS:
 Windows 10 , 64 bit Build 19041 (10.0.19041.1023)
OS uptime: 6 days 20:49 hours

CPU: total 24 (initial active 24) (24 cores per cpu, 2 threads per core) family 23 model 113 stepping 0 microcode 0x0, cx8, cmov, fxsr, ht, mmx, 3dnowpref, sse, sse2, sse3, ssse3, sse4a, sse4.1, sse4.2, popcnt, lzcnt, tsc, tscinvbit, avx, avx2, aes, clmul, bmi1, bmi2, adx, sha, fma, vzeroupper, clflush, clflushopt

Memory: 4k page, system-wide physical 32713M (8959M free)
TotalPageFile size 32713M (AvailPageFile size 3M)
current process WorkingSet (physical memory assigned to process): 57M, peak: 57M
current process commit charge ("private bytes"): 642M, peak: 642M

vm_info: OpenJDK 64-Bit Server VM (16.0.2+7) for windows-amd64 JRE (16.0.2+7), built on Jul 22 2021 01:11:46 by "Administrator" with MS VC++ 15.9 (VS2017)

END.
