#
# There is insufficient memory for the Java Runtime Environment to continue.
# Native memory allocation (mmap) failed to map 8388608 bytes for G1 virtual space
# Possible reasons:
#   The system is out of physical RAM or swap space
#   The process is running with CompressedOops enabled, and the Java Heap may be blocking the growth of the native heap
# Possible solutions:
#   Reduce memory load on the system
#   Increase physical memory or swap space
#   Check if swap backing store is full
#   Decrease Java heap size (-Xmx/-Xms)
#   Decrease number of Java threads
#   Decrease Java thread stack sizes (-Xss)
#   Set larger code cache with -XX:ReservedCodeCacheSize=
#   JVM is running with Zero Based Compressed Oops mode in which the Java heap is
#     placed in the first 32GB address space. The Java Heap base address is the
#     maximum limit for the native heap growth. Please use -XX:HeapBaseMinAddress
#     to set the Java Heap base and to place the Java Heap above 32GB virtual address.
# This output file may be truncated or incomplete.
#
#  Out of Memory Error (os_windows.cpp:3466), pid=9664, tid=15320
#
# JRE version:  (16.0.2+7) (build )
# Java VM: OpenJDK 64-Bit Server VM (16.0.2+7, mixed mode, sharing, tiered, compressed oops, compressed class ptrs, g1 gc, windows-amd64)
# No core dump will be written. Minidumps are not enabled by default on client versions of Windows
#

---------------  S U M M A R Y ------------

Command Line: -Dmaven.multiModuleProjectDirectory=C:\Users\Enno\OneDrive\Jetbrains\Intellij\Gungeon -Dmaven.home=C:\Users\Enno\AppData\Local\JetBrains\Toolbox\apps\IDEA-U\ch-0\212.4746.92\plugins\maven\lib\maven3 -Dclassworlds.conf=C:\Users\Enno\AppData\Local\JetBrains\Toolbox\apps\IDEA-U\ch-0\212.4746.92\plugins\maven\lib\maven3\bin\m2.conf -Dmaven.ext.class.path=C:\Users\Enno\AppData\Local\JetBrains\Toolbox\apps\IDEA-U\ch-0\212.4746.92\plugins\maven\lib\maven-event-listener.jar -javaagent:C:\Users\Enno\AppData\Local\JetBrains\Toolbox\apps\IDEA-U\ch-0\212.4746.92\lib\idea_rt.jar=54682:C:\Users\Enno\AppData\Local\JetBrains\Toolbox\apps\IDEA-U\ch-0\212.4746.92\bin -Dfile.encoding=UTF-8 org.codehaus.classworlds.Launcher -Didea.version=2021.2 org.apache.maven.plugins:maven-assembly-plugin:2.2-beta-5:assembly

Host: AMD Ryzen 9 3900X 12-Core Processor            , 24 cores, 31G,  Windows 10 , 64 bit Build 19041 (10.0.19041.1023)
Time: Sat Jul 31 20:17:25 2021 Mitteleuropäische Sommerzeit elapsed time: 0.008852 seconds (0d 0h 0m 0s)

---------------  T H R E A D  ---------------

Current thread (0x00000167b6724b50):  JavaThread "Unknown thread" [_thread_in_vm, id=15320, stack(0x0000005ef7800000,0x0000005ef7900000)]

Stack: [0x0000005ef7800000,0x0000005ef7900000]
Native frames: (J=compiled Java code, j=interpreted, Vv=VM code, C=native code)
V  [jvm.dll+0x647e0a]
V  [jvm.dll+0x7f0549]
V  [jvm.dll+0x7f1cfe]
V  [jvm.dll+0x7f2343]
V  [jvm.dll+0x23dd88]
V  [jvm.dll+0x644b4a]
V  [jvm.dll+0x639795]
V  [jvm.dll+0x2f66f9]
V  [jvm.dll+0x2fd516]
V  [jvm.dll+0x3499b0]
V  [jvm.dll+0x349bdf]
V  [jvm.dll+0x2cc918]
V  [jvm.dll+0x2cdb49]
V  [jvm.dll+0x7c4431]
V  [jvm.dll+0x356ee1]
V  [jvm.dll+0x7a30b0]
V  [jvm.dll+0x3d4c55]
V  [jvm.dll+0x3d69f1]
C  [jli.dll+0x5243]
C  [ucrtbase.dll+0x21bb2]
C  [KERNEL32.DLL+0x17034]
C  [ntdll.dll+0x52651]


---------------  P R O C E S S  ---------------

Threads class SMR info:
_java_thread_list=0x00007ffa933473d8, length=0, elements={
}

Java Threads: ( => current thread )

Other Threads:
  0x00000167b679f590 GCTaskThread "GC Thread#0" [stack: 0x0000005ef7900000,0x0000005ef7a00000] [id=40432]
  0x00000167b67b1510 ConcurrentGCThread "G1 Main Marker" [stack: 0x0000005ef7a00000,0x0000005ef7b00000] [id=44868]
  0x00000167b67b26c0 ConcurrentGCThread "G1 Conc#0" [stack: 0x0000005ef7b00000,0x0000005ef7c00000] [id=38572]

[error occurred during error reporting (printing all threads), id 0xc0000005, EXCEPTION_ACCESS_VIOLATION (0xc0000005) at pc=0x00007ffa92abe207]

VM state: not at safepoint (not fully initialized)

VM Mutex/Monitor currently owned by a thread:  ([mutex/lock_event])
[0x00000167b6720210] Heap_lock - owner thread: 0x00000167b6724b50

Heap address: 0x0000000600c00000, size: 8180 MB, Compressed Oops mode: Zero based, Oop shift amount: 3

CDS archive(s) mapped at: [0x0000000000000000-0x0000000000000000-0x0000000000000000), size 0, SharedBaseAddress: 0x0000000800000000, ArchiveRelocationMode: 0.
Narrow klass base: 0x0000000000000000, Narrow klass shift: 0, Narrow klass range: 0x0

GC Precious Log:
<Empty>

Heap:
 garbage-first heap   total 0K, used 0K [0x0000000600c00000, 0x0000000800000000)
  region size 4096K, 0 young (0K), 0 survivors (0K)

[error occurred during error reporting (printing heap information), id 0xc0000005, EXCEPTION_ACCESS_VIOLATION (0xc0000005) at pc=0x00007ffa92e7ff7d]

GC Heap History (0 events):
No events

Deoptimization events (0 events):
No events

Classes unloaded (0 events):
No events

Classes redefined (0 events):
No events

Internal exceptions (0 events):
No events

Events (1 events):
Event: 0.005 Loaded shared library C:\Program Files\Amazon Corretto\jdk16.0.2_7\bin\java.dll


Dynamic libraries:
0x00007ff6babd0000 - 0x00007ff6babdd000 	C:\Program Files\Amazon Corretto\jdk16.0.2_7\bin\java.exe
0x00007ffb0b430000 - 0x00007ffb0b625000 	C:\Windows\SYSTEM32\ntdll.dll
0x00007ffb09580000 - 0x00007ffb0963d000 	C:\Windows\System32\KERNEL32.DLL
0x00007ffb08db0000 - 0x00007ffb09079000 	C:\Windows\System32\KERNELBASE.dll
0x00007ffb093a0000 - 0x00007ffb094a0000 	C:\Windows\System32\ucrtbase.dll
0x00007ffb02740000 - 0x00007ffb02755000 	C:\Program Files\Amazon Corretto\jdk16.0.2_7\bin\VCRUNTIME140.dll
0x00007ffafcbc0000 - 0x00007ffafcbd8000 	C:\Program Files\Amazon Corretto\jdk16.0.2_7\bin\jli.dll
0x00007ffb09e20000 - 0x00007ffb09fc0000 	C:\Windows\System32\USER32.dll
0x00007ffaf45a0000 - 0x00007ffaf483a000 	C:\Windows\WinSxS\amd64_microsoft.windows.common-controls_6595b64144ccf1df_6.0.19041.1110_none_60b5254171f9507e\COMCTL32.dll
0x00007ffb09080000 - 0x00007ffb090a2000 	C:\Windows\System32\win32u.dll
0x00007ffb0aa60000 - 0x00007ffb0aafe000 	C:\Windows\System32\msvcrt.dll
0x00007ffb0ab00000 - 0x00007ffb0ab2a000 	C:\Windows\System32\GDI32.dll
0x00007ffb091e0000 - 0x00007ffb092eb000 	C:\Windows\System32\gdi32full.dll
0x00007ffb090b0000 - 0x00007ffb0914d000 	C:\Windows\System32\msvcp_win.dll
0x00007ffb0a780000 - 0x00007ffb0a7b0000 	C:\Windows\System32\IMM32.DLL
0x00007ffaf5e90000 - 0x00007ffaf5f2b000 	C:\Program Files\Amazon Corretto\jdk16.0.2_7\bin\msvcp140.dll
0x00007ffa927e0000 - 0x00007ffa933e9000 	C:\Program Files\Amazon Corretto\jdk16.0.2_7\bin\server\jvm.dll
0x00007ffb09bc0000 - 0x00007ffb09c6c000 	C:\Windows\System32\ADVAPI32.dll
0x00007ffb0a820000 - 0x00007ffb0a8bb000 	C:\Windows\System32\sechost.dll
0x00007ffb0a4c0000 - 0x00007ffb0a5ea000 	C:\Windows\System32\RPCRT4.dll
0x00007ffb0a920000 - 0x00007ffb0a928000 	C:\Windows\System32\PSAPI.DLL
0x00007ffb03850000 - 0x00007ffb03859000 	C:\Windows\SYSTEM32\WSOCK32.dll
0x00007ffafe500000 - 0x00007ffafe527000 	C:\Windows\SYSTEM32\WINMM.dll
0x00007ffaff050000 - 0x00007ffaff05a000 	C:\Windows\SYSTEM32\VERSION.dll
0x00007ffb0a7b0000 - 0x00007ffb0a81b000 	C:\Windows\System32\WS2_32.dll
0x00007ffb06ac0000 - 0x00007ffb06ad2000 	C:\Windows\SYSTEM32\kernel.appcore.dll
0x00007ffb02970000 - 0x00007ffb0297a000 	C:\Program Files\Amazon Corretto\jdk16.0.2_7\bin\jimage.dll
0x00007ffafdfc0000 - 0x00007ffafe1a4000 	C:\Windows\SYSTEM32\DBGHELP.DLL
0x00007ffaed590000 - 0x00007ffaed5bc000 	C:\Windows\SYSTEM32\dbgcore.DLL
0x00007ffb09150000 - 0x00007ffb091d3000 	C:\Windows\System32\bcryptPrimitives.dll
0x00007ffb02730000 - 0x00007ffb0273e000 	C:\Program Files\Amazon Corretto\jdk16.0.2_7\bin\instrument.dll
0x00007ffaf64b0000 - 0x00007ffaf64d5000 	C:\Program Files\Amazon Corretto\jdk16.0.2_7\bin\java.dll

dbghelp: loaded successfully - version: 4.0.5 - missing functions: none
symbol engine: initialized successfully - sym options: 0x614 - pdb path: .;C:\Program Files\Amazon Corretto\jdk16.0.2_7\bin;C:\Windows\SYSTEM32;C:\Windows\WinSxS\amd64_microsoft.windows.common-controls_6595b64144ccf1df_6.0.19041.1110_none_60b5254171f9507e;C:\Program Files\Amazon Corretto\jdk16.0.2_7\bin\server

VM Arguments:
jvm_args: -Dmaven.multiModuleProjectDirectory=C:\Users\Enno\OneDrive\Jetbrains\Intellij\Gungeon -Dmaven.home=C:\Users\Enno\AppData\Local\JetBrains\Toolbox\apps\IDEA-U\ch-0\212.4746.92\plugins\maven\lib\maven3 -Dclassworlds.conf=C:\Users\Enno\AppData\Local\JetBrains\Toolbox\apps\IDEA-U\ch-0\212.4746.92\plugins\maven\lib\maven3\bin\m2.conf -Dmaven.ext.class.path=C:\Users\Enno\AppData\Local\JetBrains\Toolbox\apps\IDEA-U\ch-0\212.4746.92\plugins\maven\lib\maven-event-listener.jar -javaagent:C:\Users\Enno\AppData\Local\JetBrains\Toolbox\apps\IDEA-U\ch-0\212.4746.92\lib\idea_rt.jar=54682:C:\Users\Enno\AppData\Local\JetBrains\Toolbox\apps\IDEA-U\ch-0\212.4746.92\bin -Dfile.encoding=UTF-8 
java_command: org.codehaus.classworlds.Launcher -Didea.version=2021.2 org.apache.maven.plugins:maven-assembly-plugin:2.2-beta-5:assembly
java_class_path (initial): C:\Users\Enno\AppData\Local\JetBrains\Toolbox\apps\IDEA-U\ch-0\212.4746.92\plugins\maven\lib\maven3\boot\plexus-classworlds-2.6.0.jar;C:\Users\Enno\AppData\Local\JetBrains\Toolbox\apps\IDEA-U\ch-0\212.4746.92\plugins\maven\lib\maven3\boot\plexus-classworlds.license
Launcher Type: SUN_STANDARD

[Global flags]
     intx CICompilerCount                          = 12                                        {product} {ergonomic}
     uint ConcGCThreads                            = 5                                         {product} {ergonomic}
     uint G1ConcRefinementThreads                  = 18                                        {product} {ergonomic}
   size_t G1HeapRegionSize                         = 4194304                                   {product} {ergonomic}
    uintx GCDrainStackTargetSize                   = 64                                        {product} {ergonomic}
   size_t InitialHeapSize                          = 536870912                                 {product} {ergonomic}
   size_t MarkStackSize                            = 4194304                                   {product} {ergonomic}
   size_t MaxHeapSize                              = 8577351680                                {product} {ergonomic}
   size_t MinHeapDeltaBytes                        = 4194304                                   {product} {ergonomic}
   size_t MinHeapSize                              = 8388608                                   {product} {ergonomic}
    uintx NonNMethodCodeHeapSize                   = 7602480                                {pd product} {ergonomic}
    uintx NonProfiledCodeHeapSize                  = 122027880                              {pd product} {ergonomic}
    uintx ProfiledCodeHeapSize                     = 122027880                              {pd product} {ergonomic}
    uintx ReservedCodeCacheSize                    = 251658240                              {pd product} {ergonomic}
     bool SegmentedCodeCache                       = true                                      {product} {ergonomic}
   size_t SoftMaxHeapSize                          = 8577351680                             {manageable} {ergonomic}
     bool UseCompressedClassPointers               = true                           {product lp64_product} {ergonomic}
     bool UseCompressedOops                        = true                           {product lp64_product} {ergonomic}
     bool UseG1GC                                  = true                                      {product} {ergonomic}
     bool UseLargePagesIndividualAllocation        = false                                  {pd product} {ergonomic}

Logging:
Log output configuration:
 #0: stdout all=warning uptime,level,tags
 #1: stderr all=off uptime,level,tags

Environment Variables:
JAVA_HOME=C:\Program Files\Amazon Corretto\jdk16.0.2_7
PATH=C:\Program Files\Amazon Corretto\jdk16.0.2_7\bin;C:\Program Files (x86)\Razer\ChromaBroadcast\bin;C:\Program Files\Razer\ChromaBroadcast\bin;C:\Program Files\Amazon Corretto\jdk11.0.3_7\bin;C:\Program Files\Amazon Corretto\jdk11.0.10_9\bin;C:\Windows\system32;C:\Windows;C:\Windows\System32\Wbem;C:\Windows\System32\WindowsPowerShell\v1.0\;C:\Windows\System32\OpenSSH\;C:\Program Files (x86)\NVIDIA Corporation\PhysX\Common;C:\Program Files\NVIDIA Corporation\NVIDIA NvDLISR;C:\Program Files\PuTTY\;C:\Windows\system32\config\systemprofile\AppData\Local\Microsoft\WindowsApps;C:\Program Files\Git\cmd;C:\Users\Kein Admin\AppData\Local\Microsoft\WindowsApps
USERNAME=Kein Admin
OS=Windows_NT
PROCESSOR_IDENTIFIER=AMD64 Family 23 Model 113 Stepping 0, AuthenticAMD



---------------  S Y S T E M  ---------------

OS:
 Windows 10 , 64 bit Build 19041 (10.0.19041.1023)
OS uptime: 11 days 1:37 hours

CPU: total 24 (initial active 24) (24 cores per cpu, 2 threads per core) family 23 model 113 stepping 0 microcode 0x0, cx8, cmov, fxsr, ht, mmx, 3dnowpref, sse, sse2, sse3, ssse3, sse4a, sse4.1, sse4.2, popcnt, lzcnt, tsc, tscinvbit, avx, avx2, aes, clmul, bmi1, bmi2, adx, sha, fma, vzeroupper, clflush, clflushopt

Memory: 4k page, system-wide physical 32713M (6206M free)
TotalPageFile size 32713M (AvailPageFile size 12M)
current process WorkingSet (physical memory assigned to process): 11M, peak: 11M
current process commit charge ("private bytes"): 594M, peak: 602M

vm_info: OpenJDK 64-Bit Server VM (16.0.2+7) for windows-amd64 JRE (16.0.2+7), built on Jul 22 2021 01:11:46 by "Administrator" with MS VC++ 15.9 (VS2017)

END.
